  1.000000e-02   2.286564e+02 
  5.100000e-01   2.286108e+02 
  1.010000e+00   2.286092e+02 
  1.510000e+00   2.286071e+02 
  2.010000e+00   2.286040e+02 
  2.510000e+00   2.285994e+02 
  3.010000e+00   2.285928e+02 
  3.510000e+00   2.285835e+02 
  4.010000e+00   2.285702e+02 
  4.510000e+00   2.285514e+02 
  5.010000e+00   2.285248e+02 
  5.510000e+00   2.284870e+02 
  6.010000e+00   2.284333e+02 
  6.510000e+00   2.283567e+02 
  7.010000e+00   2.282476e+02 
  7.510000e+00   2.280917e+02 
  8.010000e+00   2.278690e+02 
  8.510000e+00   2.275506e+02 
  9.010000e+00   2.270961e+02 
  9.510000e+00   2.264495e+02 
  1.001000e+01   2.255363e+02 
  1.051000e+01   2.242632e+02 
  1.101000e+01   2.225260e+02 
  1.151000e+01   2.202297e+02 
  1.201000e+01   2.173229e+02 
  1.251000e+01   2.138358e+02 
  1.301000e+01   2.099038e+02 
  1.351000e+01   2.057567e+02 
  1.401000e+01   2.016694e+02 
  1.451000e+01   1.978915e+02 
  1.501000e+01   1.945862e+02 
  1.551000e+01   1.918055e+02 
  1.601000e+01   1.895092e+02 
  1.651000e+01   1.876070e+02 
  1.701000e+01   1.859982e+02 
  1.751000e+01   1.845960e+02 
  1.801000e+01   1.833353e+02 
  1.851000e+01   1.821719e+02 
  1.901000e+01   1.810775e+02 
  1.951000e+01   1.800345e+02 
  2.001000e+01   1.790327e+02 
